<?xml version="1.0" encoding="UTF-8"?>
<testng-results skipped="0" failed="1" ignored="1" total="8" passed="6">
  <reporter-output>
  </reporter-output>
  <suite name="Command line suite" duration-ms="58" started-at="2020-09-24T08:05:36Z" finished-at="2020-09-24T08:05:36Z">
    <groups>
    </groups>
    <test name="Command line test" duration-ms="58" started-at="2020-09-24T08:05:36Z" finished-at="2020-09-24T08:05:36Z">
      <class name="com.course.testng.suite.PayTest">
        <test-method status="PASS" signature="paySuccess()[pri:0, instance:com.course.testng.suite.PayTest@45c8e616]" name="paySuccess" duration-ms="0" started-at="2020-09-24T16:05:36Z" finished-at="2020-09-24T16:05:36Z">
          <reporter-output>
          </reporter-output>
        </test-method> <!-- paySuccess -->
      </class> <!-- com.course.testng.suite.PayTest -->
      <class name="com.course.testng.suite.paramter.ParamterTest">
        <test-method status="FAIL" signature="paramTest1(java.lang.String)[pri:0, instance:com.course.testng.suite.paramter.ParamterTest@1fbc7afb]" name="paramTest1" duration-ms="0" started-at="2020-09-24T16:05:36Z" finished-at="2020-09-24T16:05:36Z">
          <exception class="org.testng.TestNGException">
            <message>
              <![CDATA[
Parameter 'name' is required by @Test on method paramTest1 but has not been marked @Optional or defined
]]>
            </message>
            <full-stacktrace>
              <![CDATA[org.testng.TestNGException: 
Parameter 'name' is required by @Test on method paramTest1 but has not been marked @Optional or defined

	at org.testng.internal.Parameters.createParameters(Parameters.java:199)
	at org.testng.internal.Parameters.createParameters(Parameters.java:443)
	at org.testng.internal.Parameters.handleParameters(Parameters.java:568)
	at org.testng.internal.Invoker.handleParameters(Invoker.java:1293)
	at org.testng.internal.Invoker.createParameters(Invoker.java:1020)
	at org.testng.internal.Invoker.invokeTestMethods(Invoker.java:1110)
	at org.testng.internal.TestMethodWorker.invokeTestMethods(TestMethodWorker.java:129)
	at org.testng.internal.TestMethodWorker.run(TestMethodWorker.java:112)
	at org.testng.TestRunner.privateRun(TestRunner.java:756)
	at org.testng.TestRunner.run(TestRunner.java:610)
	at org.testng.SuiteRunner.runTest(SuiteRunner.java:387)
	at org.testng.SuiteRunner.runSequentially(SuiteRunner.java:382)
	at org.testng.SuiteRunner.privateRun(SuiteRunner.java:340)
	at org.testng.SuiteRunner.run(SuiteRunner.java:289)
	at org.testng.SuiteRunnerWorker.runSuite(SuiteRunnerWorker.java:52)
	at org.testng.SuiteRunnerWorker.run(SuiteRunnerWorker.java:86)
	at org.testng.TestNG.runSuitesSequentially(TestNG.java:1293)
	at org.testng.TestNG.runSuitesLocally(TestNG.java:1218)
	at org.testng.TestNG.runSuites(TestNG.java:1133)
	at org.testng.TestNG.run(TestNG.java:1104)
	at org.apache.maven.surefire.testng.TestNGExecutor.run(TestNGExecutor.java:77)
	at org.apache.maven.surefire.testng.TestNGDirectoryTestSuite.executeMulti(TestNGDirectoryTestSuite.java:159)
	at org.apache.maven.surefire.testng.TestNGDirectoryTestSuite.execute(TestNGDirectoryTestSuite.java:99)
	at org.apache.maven.surefire.testng.TestNGProvider.invoke(TestNGProvider.java:106)
	at sun.reflect.NativeMethodAccessorImpl.invoke0(Native Method)
	at sun.reflect.NativeMethodAccessorImpl.invoke(NativeMethodAccessorImpl.java:62)
	at sun.reflect.DelegatingMethodAccessorImpl.invoke(DelegatingMethodAccessorImpl.java:43)
	at java.lang.reflect.Method.invoke(Method.java:497)
	at org.apache.maven.surefire.util.ReflectionUtils.invokeMethodWithArray(ReflectionUtils.java:189)
	at org.apache.maven.surefire.booter.ProviderFactory$ProviderProxy.invoke(ProviderFactory.java:165)
	at org.apache.maven.surefire.booter.ProviderFactory.invokeProvider(ProviderFactory.java:85)
	at org.apache.maven.surefire.booter.ForkedBooter.runSuitesInProcess(ForkedBooter.java:115)
	at org.apache.maven.surefire.booter.ForkedBooter.main(ForkedBooter.java:75)
]]>
            </full-stacktrace>
          </exception> <!-- org.testng.TestNGException -->
          <reporter-output>
          </reporter-output>
        </test-method> <!-- paramTest1 -->
      </class> <!-- com.course.testng.suite.paramter.ParamterTest -->
      <class name="com.course.testng.suite.DependTest">
        <test-method status="PASS" signature="test1()[pri:0, instance:com.course.testng.suite.DependTest@71c7db30]" name="test1" duration-ms="8" started-at="2020-09-24T16:05:36Z" finished-at="2020-09-24T16:05:36Z">
          <reporter-output>
          </reporter-output>
        </test-method> <!-- test1 -->
        <test-method status="PASS" signature="test2()[pri:0, instance:com.course.testng.suite.DependTest@71c7db30]" name="test2" duration-ms="1" started-at="2020-09-24T16:05:36Z" depends-on-methods="com.course.testng.suite.DependTest.test1" finished-at="2020-09-24T16:05:36Z">
          <reporter-output>
          </reporter-output>
        </test-method> <!-- test2 -->
      </class> <!-- com.course.testng.suite.DependTest -->
      <class name="com.course.testng.suite.ignoreTest">
        <test-method status="PASS" signature="ignore1()[pri:0, instance:com.course.testng.suite.ignoreTest@11531931]" name="ignore1" duration-ms="0" started-at="2020-09-24T16:05:36Z" finished-at="2020-09-24T16:05:36Z">
          <reporter-output>
          </reporter-output>
        </test-method> <!-- ignore1 -->
        <test-method status="PASS" signature="ignore3()[pri:0, instance:com.course.testng.suite.ignoreTest@11531931]" name="ignore3" duration-ms="1" started-at="2020-09-24T16:05:36Z" finished-at="2020-09-24T16:05:36Z">
          <reporter-output>
          </reporter-output>
        </test-method> <!-- ignore3 -->
      </class> <!-- com.course.testng.suite.ignoreTest -->
      <class name="com.course.testng.suite.LoginTest">
        <test-method status="PASS" signature="loginTaobao()[pri:0, instance:com.course.testng.suite.LoginTest@5e025e70]" name="loginTaobao" duration-ms="0" started-at="2020-09-24T16:05:36Z" finished-at="2020-09-24T16:05:36Z">
          <reporter-output>
          </reporter-output>
        </test-method> <!-- loginTaobao -->
      </class> <!-- com.course.testng.suite.LoginTest -->
    </test> <!-- Command line test -->
  </suite> <!-- Command line suite -->
</testng-results>
